<?xml version="1.0" encoding="UTF-8"?>
<testng-results ignored="0" total="1" passed="1" failed="0" skipped="0">
  <reporter-output>
  </reporter-output>
  <suite started-at="2022-03-17T15:57:06 IST" name="Default suite" finished-at="2022-03-17T15:57:38 IST" duration-ms="31918">
    <groups>
    </groups>
    <test started-at="2022-03-17T15:57:06 IST" name="Default test" finished-at="2022-03-17T15:57:38 IST" duration-ms="31918">
      <class name="Testcase.LoginApplication">
        <test-method signature="Login()[pri:0, instance:Testcase.LoginApplication@1fb700ee]" started-at="2022-03-17T15:57:06 IST" name="Login" finished-at="2022-03-17T15:57:38 IST" duration-ms="31865" status="PASS">
          <reporter-output>
          </reporter-output>
        </test-method> <!-- Login -->
      </class> <!-- Testcase.LoginApplication -->
    </test> <!-- Default test -->
  </suite> <!-- Default suite -->
</testng-results>
